0 info it worked if it ends with ok
1 verbose cli [ '/usr/bin/node', '/usr/bin/npm', 'run', 'watch' ]
2 info using npm@3.5.2
3 info using node@v8.10.0
4 verbose run-script [ 'prewatch', 'watch', 'postwatch' ]
5 info lifecycle octobercms@~prewatch: octobercms@
6 silly lifecycle octobercms@~prewatch: no script for prewatch, continuing
7 info lifecycle octobercms@~watch: octobercms@
8 verbose lifecycle octobercms@~watch: unsafe-perm in lifecycle true
9 verbose lifecycle octobercms@~watch: PATH: /usr/share/npm/bin/node-gyp-bin:/mnt/c/laragon/www/node_modules/.bin:/usr/local/sbin:/usr/local/bin:/usr/sbin:/usr/bin:/sbin:/bin:/usr/games:/usr/local/games:/mnt/c/Users/chips/AppData/Local/Yarn/config/global/node_modules/.bin:/mnt/c/Users/chips/AppData/Roaming/npm:/mnt/c/Users/chips/AppData/Roaming/Composer/vendor/bin:/mnt/c/laragon/bin/laragon/utils:/mnt/c/laragon/bin/mysql/mysql-5.7.33-winx64/bin:/mnt/c/laragon/bin/php/php-7.4.19-Win32-vc15-x64:/mnt/c/laragon/bin/composer:/mnt/c/laragon/bin/apache/httpd-2.4.47-win64-VS16/bin:/mnt/c/laragon/bin/redis/redis-x64-3.2.100:/mnt/c/laragon/bin/nodejs/node-v14:/mnt/c/laragon/bin/nginx/nginx-1.19.10:/mnt/c/laragon/bin/notepad++:/mnt/c/laragon/bin/telnet:/mnt/c/laragon/bin/ngrok:/mnt/c/laragon/bin/git/bin:/mnt/c/laragon/bin/git/cmd:/mnt/c/laragon/bin/git/usr/bin:/mnt/c/laragon/bin/git/mingw64/bin:/mnt/c/laragon/bin:/mnt/c/laragon/usr/bin:/mnt/c/laragon/bin/cmder/bin:/mnt/c/laragon/bin/cmder/vendor/conemu-maximus5/ConEmu/Scripts:/mnt/c/laragon/bin/cmder/vendor/conemu-maximus5:/mnt/c/laragon/bin/cmder/vendor/conemu-maximus5/ConEmu:/mnt/c/Python39/Scripts/:/mnt/c/Python39/:/mnt/c/Program Files (x86)/Common Files/Intel/Shared Libraries/redist/intel64/compiler:/mnt/c/Program Files (x86)/Common Files/Oracle/Java/javapath:/mnt/c/Windows/system32:/mnt/c/Windows:/mnt/c/Windows/System32/Wbem:/mnt/c/Windows/System32/WindowsPowerShell/v1.0/:/mnt/c/Windows/System32/OpenSSH/:/mnt/c/Program Files (x86)/Touch Portal/plugins/adb/platform-tools:/mnt/c/Program Files/Git/cmd:/mnt/c/PATH_Programs:/mnt/c/Program Files/nodejs/:/mnt/c/ProgramData/chocolatey/bin:/mnt/c/Program Files/dotnet/:/mnt/c/Users/chips/AppData/Local/Microsoft/WindowsApps:/mnt/c/Users/chips/AppData/Local/Programs/Microsoft VS Code/bin:/mnt/c/laragon/bin/php/php-7.4.19-Win32-vc15-x64:/mnt/c/Users/chips/AppData/Local/ComposerSetup/bin:/mnt/c/Users/chips/AppData/Roaming/Composer/vendor/bin:/mnt/c/Users/chips/AppData/Roaming/npm:/mnt/c/Program Files/Git/usr/bin:/mnt/c/Program Files/Git/usr/share/vim/vim74:/mnt/c/laragon/bin/cmder/
10 verbose lifecycle octobercms@~watch: CWD: /mnt/c/laragon/www
11 silly lifecycle octobercms@~watch: Args: [ '-c', 'npm run development -- --watch' ]
12 silly lifecycle octobercms@~watch: Returned: code: 1  signal: null
13 info lifecycle octobercms@~watch: Failed to exec watch script
14 verbose stack Error: octobercms@ watch: `npm run development -- --watch`
14 verbose stack Exit status 1
14 verbose stack     at EventEmitter.<anonymous> (/usr/share/npm/lib/utils/lifecycle.js:232:16)
14 verbose stack     at emitTwo (events.js:126:13)
14 verbose stack     at EventEmitter.emit (events.js:214:7)
14 verbose stack     at ChildProcess.<anonymous> (/usr/share/npm/lib/utils/spawn.js:24:14)
14 verbose stack     at emitTwo (events.js:126:13)
14 verbose stack     at ChildProcess.emit (events.js:214:7)
14 verbose stack     at maybeClose (internal/child_process.js:925:16)
14 verbose stack     at Process.ChildProcess._handle.onexit (internal/child_process.js:209:5)
15 verbose pkgid octobercms@
16 verbose cwd /mnt/c/laragon/www
17 error Linux 5.10.16.3-microsoft-standard-WSL2
18 error argv "/usr/bin/node" "/usr/bin/npm" "run" "watch"
19 error node v8.10.0
20 error npm  v3.5.2
21 error code ELIFECYCLE
22 error octobercms@ watch: `npm run development -- --watch`
22 error Exit status 1
23 error Failed at the octobercms@ watch script 'npm run development -- --watch'.
23 error Make sure you have the latest version of node.js and npm installed.
23 error If you do, this is most likely a problem with the octobercms package,
23 error not with npm itself.
23 error Tell the author that this fails on your system:
23 error     npm run development -- --watch
23 error You can get information on how to open an issue for this project with:
23 error     npm bugs octobercms
23 error Or if that isn't available, you can get their info via:
23 error     npm owner ls octobercms
23 error There is likely additional logging output above.
24 verbose exit [ 1, true ]
